<?xml version="1.0" encoding="UTF-8"?>
<!-- Generated by org.testng.reporters.JUnitXMLReporter -->
<testsuite hostname="LAPTOP-L3V1GTL6" ignored="0" name="Default test" tests="16" failures="0" timestamp="2021-02-06T22:50:46 IST" time="0.973" errors="0">
  <testcase name="tc1" time="0.01" classname="demoTestNg.Demoreadata"/>
  <testcase name="tc1" time="0.002" classname="demoTestNg.Demoreadata"/>
  <testcase name="tc1" time="0.002" classname="demoTestNg.Demoreadata"/>
  <testcase name="tc1" time="0.003" classname="demoTestNg.Demoreadata"/>
  <testcase name="tc1" time="0.002" classname="demoTestNg.Demoreadata"/>
  <testcase name="tc1" time="0.002" classname="demoTestNg.Demoreadata"/>
  <testcase name="tc1" time="0.003" classname="demoTestNg.Demoreadata"/>
  <testcase name="tc1" time="0.001" classname="demoTestNg.Demoreadata"/>
  <testcase name="tc1" time="0.002" classname="demoTestNg.Demoreadata"/>
  <testcase name="tc1" time="0.002" classname="demoTestNg.Demoreadata"/>
  <testcase name="tc1" time="0.001" classname="demoTestNg.Demoreadata"/>
  <testcase name="tc1" time="0.005" classname="demoTestNg.Demoreadata"/>
  <testcase name="tc1" time="0.001" classname="demoTestNg.Demoreadata"/>
  <testcase name="tc1" time="0.001" classname="demoTestNg.Demoreadata"/>
  <testcase name="tc1" time="0.001" classname="demoTestNg.Demoreadata"/>
  <testcase name="tc1" time="0.003" classname="demoTestNg.Demoreadata"/>
</testsuite> <!-- Default test -->
