<?xml version="1.0" encoding="UTF-8"?>
<testng-results skipped="0" failed="0" ignored="0" total="2" passed="2">
  <reporter-output>
  </reporter-output>
  <suite name="Suite" duration-ms="37289" started-at="2021-02-05T16:48:30 IST" finished-at="2021-02-05T16:49:07 IST">
    <groups>
    </groups>
    <test name="ChromeTest" duration-ms="22343" started-at="2021-02-05T16:48:30 IST" finished-at="2021-02-05T16:48:52 IST">
      <class name="demoTestNg.Democross">
        <test-method status="PASS" signature="TC1(java.lang.String)[pri:0, instance:demoTestNg.Democross@3d99d22e]" name="TC1" duration-ms="22280" started-at="2021-02-05T16:48:30 IST" finished-at="2021-02-05T16:48:52 IST">
          <params>
            <param index="0">
              <value>
                <![CDATA[chrome]]>
              </value>
            </param>
          </params>
          <reporter-output>
          </reporter-output>
        </test-method> <!-- TC1 -->
      </class> <!-- demoTestNg.Democross -->
    </test> <!-- ChromeTest -->
    <test name="FirefoxTest" duration-ms="37289" started-at="2021-02-05T16:48:30 IST" finished-at="2021-02-05T16:49:07 IST">
      <class name="demoTestNg.Democross">
        <test-method status="PASS" signature="TC1(java.lang.String)[pri:0, instance:demoTestNg.Democross@4e7dc304]" name="TC1" duration-ms="37235" started-at="2021-02-05T16:48:30 IST" finished-at="2021-02-05T16:49:07 IST">
          <params>
            <param index="0">
              <value>
                <![CDATA[firefox]]>
              </value>
            </param>
          </params>
          <reporter-output>
          </reporter-output>
        </test-method> <!-- TC1 -->
      </class> <!-- demoTestNg.Democross -->
    </test> <!-- FirefoxTest -->
  </suite> <!-- Suite -->
</testng-results>
